<?xml version="1.0" encoding="UTF-8"?>
<!-- Generated by org.testng.reporters.JUnitXMLReporter -->
<testsuite hostname="dell-PC" ignored="0" name="Thinkitive Assignment" tests="5" failures="0" timestamp="17 Dec 2020 12:09:31 GMT" time="442.407" errors="0">
  <testcase name="testAlibabaSite" time="432.274" classname="com.thinkitiveAssignment.Assignment2.Assignment2"/>
  <testcase name="testMultiplier2darrayResult" time="0.022" classname="com.thinkitiveAssignment.Assignment1.Assignment1"/>
  <testcase name="testMultiplierMethodMultipleRowResult" time="0.01" classname="com.thinkitiveAssignment.Assignment1.Assignment1"/>
  <testcase name="testMultiplierMethodSingleRowResult" time="0.009" classname="com.thinkitiveAssignment.Assignment1.Assignment1"/>
  <testcase name="testArray" time="0.003" classname="com.thinkitiveAssignment.Assignment1.test"/>
</testsuite> <!-- Thinkitive Assignment -->
