<?xml version="1.0" encoding="UTF-8"?>
<!-- Generated by org.testng.reporters.JUnitXMLReporter -->
<testsuite hostname="dell-PC" ignored="0" name="Thinkitive Assignment" tests="5" failures="0" timestamp="19 Dec 2020 13:39:49 GMT" time="348.76" errors="0">
  <testcase name="testAlibabaSite" time="335.761" classname="com.thinkitiveAssignment.Assignment2.Assignment2"/>
  <testcase name="testMultiplier2darrayResult" time="0.01" classname="com.thinkitiveAssignment.Assignment1.Assignment1"/>
  <testcase name="testMultiplierMethodMultipleRowResult" time="0.004" classname="com.thinkitiveAssignment.Assignment1.Assignment1"/>
  <testcase name="testMultiplierMethodSingleRowResult" time="0.016" classname="com.thinkitiveAssignment.Assignment1.Assignment1"/>
  <testcase name="testArray" time="0.001" classname="com.thinkitiveAssignment.Assignment1.test"/>
</testsuite> <!-- Thinkitive Assignment -->
