<?xml version="1.0" encoding="UTF-8"?>
<testng-results skipped="0" failed="0" ignored="0" total="5" passed="5">
  <reporter-output>
  </reporter-output>
  <suite name="Suite" duration-ms="348760" started-at="2020-12-19T13:34:00Z" finished-at="2020-12-19T13:39:49Z">
    <groups>
    </groups>
    <test name="Thinkitive Assignment" duration-ms="348760" started-at="2020-12-19T13:34:00Z" finished-at="2020-12-19T13:39:49Z">
      <class name="com.thinkitiveAssignment.Assignment1.test">
        <test-method status="PASS" signature="testArray()[pri:0, instance:com.thinkitiveAssignment.Assignment1.test@4590c9c3]" name="testArray" duration-ms="1" started-at="2020-12-19T13:39:47Z" finished-at="2020-12-19T13:39:47Z">
          <reporter-output>
          </reporter-output>
        </test-method> <!-- testArray -->
      </class> <!-- com.thinkitiveAssignment.Assignment1.test -->
      <class name="com.thinkitiveAssignment.Assignment1.Assignment1">
        <test-method status="PASS" signature="testMultiplier2darrayResult()[pri:0, instance:com.thinkitiveAssignment.Assignment1.Assignment1@b97c004]" name="testMultiplier2darrayResult" duration-ms="10" started-at="2020-12-19T13:39:47Z" finished-at="2020-12-19T13:39:47Z">
          <reporter-output>
          </reporter-output>
        </test-method> <!-- testMultiplier2darrayResult -->
        <test-method status="PASS" signature="testMultiplierMethodMultipleRowResult()[pri:0, instance:com.thinkitiveAssignment.Assignment1.Assignment1@b97c004]" name="testMultiplierMethodMultipleRowResult" duration-ms="4" started-at="2020-12-19T13:39:47Z" finished-at="2020-12-19T13:39:47Z">
          <reporter-output>
          </reporter-output>
        </test-method> <!-- testMultiplierMethodMultipleRowResult -->
        <test-method status="PASS" signature="testMultiplierMethodSingleRowResult()[pri:0, instance:com.thinkitiveAssignment.Assignment1.Assignment1@b97c004]" name="testMultiplierMethodSingleRowResult" duration-ms="16" started-at="2020-12-19T13:39:47Z" finished-at="2020-12-19T13:39:47Z">
          <reporter-output>
          </reporter-output>
        </test-method> <!-- testMultiplierMethodSingleRowResult -->
      </class> <!-- com.thinkitiveAssignment.Assignment1.Assignment1 -->
      <class name="com.thinkitiveAssignment.Assignment2.Assignment2">
        <test-method status="PASS" signature="setup()[pri:0, instance:com.thinkitiveAssignment.Assignment2.Assignment2@5cc7c2a6]" name="setup" is-config="true" duration-ms="11429" started-at="2020-12-19T13:34:00Z" finished-at="2020-12-19T13:34:11Z">
          <reporter-output>
          </reporter-output>
        </test-method> <!-- setup -->
        <test-method status="PASS" signature="testAlibabaSite(java.lang.String)[pri:0, instance:com.thinkitiveAssignment.Assignment2.Assignment2@5cc7c2a6]" name="testAlibabaSite" duration-ms="335761" started-at="2020-12-19T13:34:12Z" data-provider="searchProduct" finished-at="2020-12-19T13:39:47Z">
          <params>
            <param index="0">
              <value>
                <![CDATA[iPhone]]>
              </value>
            </param>
          </params>
          <reporter-output>
          </reporter-output>
        </test-method> <!-- testAlibabaSite -->
        <test-method status="PASS" signature="tearDown()[pri:0, instance:com.thinkitiveAssignment.Assignment2.Assignment2@5cc7c2a6]" name="tearDown" is-config="true" duration-ms="1407" started-at="2020-12-19T13:39:47Z" finished-at="2020-12-19T13:39:49Z">
          <reporter-output>
          </reporter-output>
        </test-method> <!-- tearDown -->
      </class> <!-- com.thinkitiveAssignment.Assignment2.Assignment2 -->
    </test> <!-- Thinkitive Assignment -->
  </suite> <!-- Suite -->
</testng-results>
