<?xml version="1.0" encoding="UTF-8"?>
<testsuite xmlns:xsi="http://www.w3.org/2001/XMLSchema-instance" xsi:noNamespaceSchemaLocation="https://maven.apache.org/surefire/maven-surefire-plugin/xsd/surefire-test-report-3.0.xsd" version="3.0" name="TestSuite" time="327.217" tests="5" errors="0" skipped="0" failures="1">
  <properties>
[...]
</properties>
  <testcase name="testAlibabaSite[iPhone](1)" classname="com.thinkitiveAssignment.Assignment2.Assignment2" time="307.997">
    <failure message="no such element: Unable to locate element: {&quot;method&quot;:&quot;xpath&quot;,&quot;selector&quot;:&quot;//div[@class=&apos;organic-gallery-offer-outter J-offer-wrapper&apos;]/div[@data-pid=&apos;1600100308461&apos;]/child::div[@class=&apos;organic-gallery-offer-section__title&apos;]/h4/div/p&quot;}&#10;  (Session info: chrome=87.0.4280.88)&#10;For documentation on this error, please visit: http://seleniumhq.org/exceptions/no_such_element.html&#10;Build info: version: &apos;3.14.0&apos;, revision: &apos;aacccce0&apos;, time: &apos;2018-08-02T20:19:58.91Z&apos;&#10;System info: host: &apos;DELL-PC&apos;, ip: &apos;192.168.228.1&apos;, os.name: &apos;Windows 7&apos;, os.arch: &apos;amd64&apos;, os.version: &apos;6.1&apos;, java.version: &apos;1.8.0_91&apos;&#10;Driver info: org.openqa.selenium.chrome.ChromeDriver&#10;Capabilities {acceptInsecureCerts: false, browserName: chrome, browserVersion: 87.0.4280.88, chrome: {chromedriverVersion: 87.0.4280.88 (89e2380a3e36c..., userDataDir: C:\Users\dell\AppData\Local...}, goog:chromeOptions: {debuggerAddress: localhost:49435}, javascriptEnabled: true, networkConnectionEnabled: false, pageLoadStrategy: normal, platform: WINDOWS, platformName: WINDOWS, proxy: Proxy(), setWindowRect: true, strictFileInteractability: false, timeouts: {implicit: 0, pageLoad: 300000, script: 30000}, unhandledPromptBehavior: dismiss and notify, webauthn:virtualAuthenticators: true}&#10;Session ID: 8069b5e80cadd83ad9094b715a0b8f47&#10;*** Element info: {Using=xpath, value=//div[@class=&apos;organic-gallery-offer-outter J-offer-wrapper&apos;]/div[@data-pid=&apos;1600100308461&apos;]/child::div[@class=&apos;organic-gallery-offer-section__title&apos;]/h4/div/p}" type="org.openqa.selenium.NoSuchElementException"><![CDATA[org.openqa.selenium.NoSuchElementException: 
no such element: Unable to locate element: {"method":"xpath","selector":"//div[@class='organic-gallery-offer-outter J-offer-wrapper']/div[@data-pid='1600100308461']/child::div[@class='organic-gallery-offer-section__title']/h4/div/p"}
  (Session info: chrome=87.0.4280.88)
For documentation on this error, please visit: http://seleniumhq.org/exceptions/no_such_element.html
Build info: version: '3.14.0', revision: 'aacccce0', time: '2018-08-02T20:19:58.91Z'
System info: host: 'DELL-PC', ip: '192.168.228.1', os.name: 'Windows 7', os.arch: 'amd64', os.version: '6.1', java.version: '1.8.0_91'
Driver info: org.openqa.selenium.chrome.ChromeDriver
Capabilities {acceptInsecureCerts: false, browserName: chrome, browserVersion: 87.0.4280.88, chrome: {chromedriverVersion: 87.0.4280.88 (89e2380a3e36c..., userDataDir: C:\Users\dell\AppData\Local...}, goog:chromeOptions: {debuggerAddress: localhost:49435}, javascriptEnabled: true, networkConnectionEnabled: false, pageLoadStrategy: normal, platform: WINDOWS, platformName: WINDOWS, proxy: Proxy(), setWindowRect: true, strictFileInteractability: false, timeouts: {implicit: 0, pageLoad: 300000, script: 30000}, unhandledPromptBehavior: dismiss and notify, webauthn:virtualAuthenticators: true}
Session ID: 8069b5e80cadd83ad9094b715a0b8f47
*** Element info: {Using=xpath, value=//div[@class='organic-gallery-offer-outter J-offer-wrapper']/div[@data-pid='1600100308461']/child::div[@class='organic-gallery-offer-section__title']/h4/div/p}
	at com.thinkitiveAssignment.Assignment2.Assignment2.testAlibabaSite(Assignment2.java:47)
]]></failure>
    <system-out><![CDATA[Fetching Price of all Products
Fetching Price of all Products
Fetching Price of all Products
Fetching Price of all Products
Fetching Price of all Products
Fetching Price of all Products
Fetching Price of all Products
Fetching Price of all Products
Fetching Price of all Products
Fetching Price of all Products
Fetching Price of all Products
Fetching Price of all Products
Fetching Price of all Products
Fetching Price of all Products
Fetching Price of all Products
Fetching Price of all Products
Fetching Price of all Products
Fetching Price of all Products
Fetching Price of all Products
Fetching Price of all Products
Fetching Price of all Products
Fetching Price of all Products
Fetching Price of all Products
Fetching Price of all Products
Fetching Price of all Products
Fetching Price of all Products
Fetching Price of all Products
Fetching Price of all Products
Fetching Price of all Products
Fetching Price of all Products
Fetching Price of all Products
Fetching Price of all Products
Fetching Price of all Products
Fetching Price of all Products
Fetching Price of all Products
Fetching Price of all Products
Fetching Price of all Products
Fetching Price of all Products
Fetching Price of all Products
Fetching Price of all Products
Fetching Price of all Products
Fetching Price of all Products
Fetching Price of all Products
Fetching Price of all Products
Fetching Price of all Products
MaxPrice Product ID: 1600100308461---- Max Price Product price699.0
Fetched Max Price Product
Fetching product details started.......
Fetching: Product name
Fetching: Title Link
Fetching: Text Below Product Title
]]></system-out>
    <system-err><![CDATA[SLF4J: Failed to load class "org.slf4j.impl.StaticLoggerBinder".
SLF4J: Defaulting to no-operation (NOP) logger implementation
SLF4J: See http://www.slf4j.org/codes.html#StaticLoggerBinder for further details.
Starting ChromeDriver 87.0.4280.88 (89e2380a3e36c3464b5dd1302349b1382549290d-refs/branch-heads/4280@{#1761}) on port 7773
Only local connections are allowed.
Please see https://chromedriver.chromium.org/security-considerations for suggestions on keeping ChromeDriver safe.
ChromeDriver was started successfully.
Dec 17, 2020 5:12:46 PM org.openqa.selenium.remote.ProtocolHandshake createSession
INFO: Detected dialect: W3C
]]></system-err>
  </testcase>
  <testcase name="testMultiplier2darrayResult" classname="com.thinkitiveAssignment.Assignment1.Assignment1" time="0.048">
    <system-out><![CDATA[4
Data reading completed
2
68
46
108
2
64
22
24
64
90
1960
1690
684
64
2
4
File Created
]]></system-out>
  </testcase>
  <testcase name="testMultiplierMethodMultipleRowResult" classname="com.thinkitiveAssignment.Assignment1.Assignment1" time="0">
    <system-out><![CDATA[Data reading completed
1|34|23|54
Result after Muliplication is: 2 68 46 108
1|32|11|12
Result after Muliplication is: 2 64 22 24
32|45|980|845
Result after Muliplication is: 64 90 1960 1690
342|32|1|2
Result after Muliplication is: 684 64 2 4
File Created
]]></system-out>
  </testcase>
  <testcase name="testMultiplierMethodSingleRowResult" classname="com.thinkitiveAssignment.Assignment1.Assignment1" time="0">
    <system-out><![CDATA[Data reading completed
1|34|23|54|1|32|11|12|32|45|980|845|342|32|1|2|
Result after Muliplication is: 2 68 46 108 2 64 22 24 64 90 1960 1690 684 64 2 4
]]></system-out>
  </testcase>
  <testcase name="testArray" classname="com.thinkitiveAssignment.Assignment1.test" time="0">
    <system-out><![CDATA[4
]]></system-out>
  </testcase>
</testsuite>