<?xml version="1.0" encoding="UTF-8"?>
<testng-results skipped="0" failed="1" ignored="0" total="5" passed="4">
  <reporter-output>
  </reporter-output>
  <suite name="Suite" duration-ms="324434" started-at="2020-12-17T11:42:33Z" finished-at="2020-12-17T11:47:58Z">
    <groups>
    </groups>
    <test name="Thinkitive Assignment" duration-ms="324434" started-at="2020-12-17T11:42:33Z" finished-at="2020-12-17T11:47:58Z">
      <class name="com.thinkitiveAssignment.Assignment1.test">
        <test-method status="PASS" signature="testArray()[pri:0, instance:com.thinkitiveAssignment.Assignment1.test@6d8a00e3]" name="testArray" duration-ms="0" started-at="2020-12-17T11:47:56Z" finished-at="2020-12-17T11:47:56Z">
          <reporter-output>
          </reporter-output>
        </test-method> <!-- testArray -->
      </class> <!-- com.thinkitiveAssignment.Assignment1.test -->
      <class name="com.thinkitiveAssignment.Assignment1.Assignment1">
        <test-method status="PASS" signature="testMultiplier2darrayResult()[pri:0, instance:com.thinkitiveAssignment.Assignment1.Assignment1@5ae9a829]" name="testMultiplier2darrayResult" duration-ms="63" started-at="2020-12-17T11:47:56Z" finished-at="2020-12-17T11:47:56Z">
          <reporter-output>
          </reporter-output>
        </test-method> <!-- testMultiplier2darrayResult -->
        <test-method status="PASS" signature="testMultiplierMethodMultipleRowResult()[pri:0, instance:com.thinkitiveAssignment.Assignment1.Assignment1@5ae9a829]" name="testMultiplierMethodMultipleRowResult" duration-ms="16" started-at="2020-12-17T11:47:56Z" finished-at="2020-12-17T11:47:56Z">
          <reporter-output>
          </reporter-output>
        </test-method> <!-- testMultiplierMethodMultipleRowResult -->
        <test-method status="PASS" signature="testMultiplierMethodSingleRowResult()[pri:0, instance:com.thinkitiveAssignment.Assignment1.Assignment1@5ae9a829]" name="testMultiplierMethodSingleRowResult" duration-ms="0" started-at="2020-12-17T11:47:56Z" finished-at="2020-12-17T11:47:56Z">
          <reporter-output>
          </reporter-output>
        </test-method> <!-- testMultiplierMethodSingleRowResult -->
      </class> <!-- com.thinkitiveAssignment.Assignment1.Assignment1 -->
      <class name="com.thinkitiveAssignment.Assignment2.Assignment2">
        <test-method status="PASS" signature="setup()[pri:0, instance:com.thinkitiveAssignment.Assignment2.Assignment2@573f2bb1]" name="setup" is-config="true" duration-ms="14326" started-at="2020-12-17T11:42:33Z" finished-at="2020-12-17T11:42:48Z">
          <reporter-output>
          </reporter-output>
        </test-method> <!-- setup -->
        <test-method status="FAIL" signature="testAlibabaSite(java.lang.String)[pri:0, instance:com.thinkitiveAssignment.Assignment2.Assignment2@573f2bb1]" name="testAlibabaSite" duration-ms="307820" started-at="2020-12-17T11:42:48Z" data-provider="searchProduct" finished-at="2020-12-17T11:47:56Z">
          <params>
            <param index="0">
              <value>
                <![CDATA[iPhone]]>
              </value>
            </param>
          </params>
          <exception class="org.openqa.selenium.NoSuchElementException">
            <message>
              <![CDATA[no such element: Unable to locate element: {"method":"xpath","selector":"//div[@class='organic-gallery-offer-outter J-offer-wrapper']/div[@data-pid='1600100308461']/child::div[@class='organic-gallery-offer-section__title']/h4/div/p"}
  (Session info: chrome=87.0.4280.88)
For documentation on this error, please visit: http://seleniumhq.org/exceptions/no_such_element.html
Build info: version: '3.14.0', revision: 'aacccce0', time: '2018-08-02T20:19:58.91Z'
System info: host: 'DELL-PC', ip: '192.168.228.1', os.name: 'Windows 7', os.arch: 'amd64', os.version: '6.1', java.version: '1.8.0_91'
Driver info: org.openqa.selenium.chrome.ChromeDriver
Capabilities {acceptInsecureCerts: false, browserName: chrome, browserVersion: 87.0.4280.88, chrome: {chromedriverVersion: 87.0.4280.88 (89e2380a3e36c..., userDataDir: C:\Users\dell\AppData\Local...}, goog:chromeOptions: {debuggerAddress: localhost:49435}, javascriptEnabled: true, networkConnectionEnabled: false, pageLoadStrategy: normal, platform: WINDOWS, platformName: WINDOWS, proxy: Proxy(), setWindowRect: true, strictFileInteractability: false, timeouts: {implicit: 0, pageLoad: 300000, script: 30000}, unhandledPromptBehavior: dismiss and notify, webauthn:virtualAuthenticators: true}
Session ID: 8069b5e80cadd83ad9094b715a0b8f47
*** Element info: {Using=xpath, value=//div[@class='organic-gallery-offer-outter J-offer-wrapper']/div[@data-pid='1600100308461']/child::div[@class='organic-gallery-offer-section__title']/h4/div/p}]]>
            </message>
            <full-stacktrace>
              <![CDATA[org.openqa.selenium.NoSuchElementException: no such element: Unable to locate element: {"method":"xpath","selector":"//div[@class='organic-gallery-offer-outter J-offer-wrapper']/div[@data-pid='1600100308461']/child::div[@class='organic-gallery-offer-section__title']/h4/div/p"}
  (Session info: chrome=87.0.4280.88)
For documentation on this error, please visit: http://seleniumhq.org/exceptions/no_such_element.html
Build info: version: '3.14.0', revision: 'aacccce0', time: '2018-08-02T20:19:58.91Z'
System info: host: 'DELL-PC', ip: '192.168.228.1', os.name: 'Windows 7', os.arch: 'amd64', os.version: '6.1', java.version: '1.8.0_91'
Driver info: org.openqa.selenium.chrome.ChromeDriver
Capabilities {acceptInsecureCerts: false, browserName: chrome, browserVersion: 87.0.4280.88, chrome: {chromedriverVersion: 87.0.4280.88 (89e2380a3e36c..., userDataDir: C:\Users\dell\AppData\Local...}, goog:chromeOptions: {debuggerAddress: localhost:49435}, javascriptEnabled: true, networkConnectionEnabled: false, pageLoadStrategy: normal, platform: WINDOWS, platformName: WINDOWS, proxy: Proxy(), setWindowRect: true, strictFileInteractability: false, timeouts: {implicit: 0, pageLoad: 300000, script: 30000}, unhandledPromptBehavior: dismiss and notify, webauthn:virtualAuthenticators: true}
Session ID: 8069b5e80cadd83ad9094b715a0b8f47
*** Element info: {Using=xpath, value=//div[@class='organic-gallery-offer-outter J-offer-wrapper']/div[@data-pid='1600100308461']/child::div[@class='organic-gallery-offer-section__title']/h4/div/p}
at sun.reflect.NativeConstructorAccessorImpl.newInstance0(Native Method)
at sun.reflect.NativeConstructorAccessorImpl.newInstance(NativeConstructorAccessorImpl.java:62)
at sun.reflect.DelegatingConstructorAccessorImpl.newInstance(DelegatingConstructorAccessorImpl.java:45)
at java.lang.reflect.Constructor.newInstance(Constructor.java:423)
at org.openqa.selenium.remote.http.W3CHttpResponseCodec.createException(W3CHttpResponseCodec.java:187)
at org.openqa.selenium.remote.http.W3CHttpResponseCodec.decode(W3CHttpResponseCodec.java:122)
at org.openqa.selenium.remote.http.W3CHttpResponseCodec.decode(W3CHttpResponseCodec.java:49)
at org.openqa.selenium.remote.HttpCommandExecutor.execute(HttpCommandExecutor.java:158)
at org.openqa.selenium.remote.service.DriverCommandExecutor.execute(DriverCommandExecutor.java:83)
at org.openqa.selenium.remote.RemoteWebDriver.execute(RemoteWebDriver.java:548)
at org.openqa.selenium.remote.RemoteWebDriver.findElement(RemoteWebDriver.java:322)
at org.openqa.selenium.remote.RemoteWebDriver.findElementByXPath(RemoteWebDriver.java:424)
at org.openqa.selenium.By$ByXPath.findElement(By.java:353)
at org.openqa.selenium.remote.RemoteWebDriver.findElement(RemoteWebDriver.java:314)
at com.thinkitiveAssignment.uiActions.SearchResultPage.getTextBelowProductTitle(SearchResultPage.java:80)
at com.thinkitiveAssignment.uiActions.SearchResultPage.fetchData(SearchResultPage.java:309)
at com.thinkitiveAssignment.Assignment2.Assignment2.testAlibabaSite(Assignment2.java:47)
at sun.reflect.NativeMethodAccessorImpl.invoke0(Native Method)
at sun.reflect.NativeMethodAccessorImpl.invoke(NativeMethodAccessorImpl.java:62)
at sun.reflect.DelegatingMethodAccessorImpl.invoke(DelegatingMethodAccessorImpl.java:43)
at java.lang.reflect.Method.invoke(Method.java:498)
at org.testng.internal.MethodInvocationHelper.invokeMethod(MethodInvocationHelper.java:124)
at org.testng.internal.Invoker.invokeMethod(Invoker.java:583)
at org.testng.internal.Invoker.invokeTestMethod(Invoker.java:719)
at org.testng.internal.Invoker.invokeTestMethods(Invoker.java:989)
at org.testng.internal.TestMethodWorker.invokeTestMethods(TestMethodWorker.java:125)
at org.testng.internal.TestMethodWorker.run(TestMethodWorker.java:109)
at org.testng.TestRunner.privateRun(TestRunner.java:648)
at org.testng.TestRunner.run(TestRunner.java:505)
at org.testng.SuiteRunner.runTest(SuiteRunner.java:455)
at org.testng.SuiteRunner.runSequentially(SuiteRunner.java:450)
at org.testng.SuiteRunner.privateRun(SuiteRunner.java:415)
at org.testng.SuiteRunner.run(SuiteRunner.java:364)
at org.testng.SuiteRunnerWorker.runSuite(SuiteRunnerWorker.java:52)
at org.testng.SuiteRunnerWorker.run(SuiteRunnerWorker.java:84)
at org.testng.TestNG.runSuitesSequentially(TestNG.java:1208)
at org.testng.TestNG.runSuitesLocally(TestNG.java:1137)
at org.testng.TestNG.runSuites(TestNG.java:1049)
at org.testng.TestNG.run(TestNG.java:1017)
at org.apache.maven.surefire.testng.TestNGExecutor.run(TestNGExecutor.java:284)
at org.apache.maven.surefire.testng.TestNGXmlTestSuite.execute(TestNGXmlTestSuite.java:75)
at org.apache.maven.surefire.testng.TestNGProvider.invoke(TestNGProvider.java:119)
at org.apache.maven.surefire.booter.ForkedBooter.runSuitesInProcess(ForkedBooter.java:428)
at org.apache.maven.surefire.booter.ForkedBooter.execute(ForkedBooter.java:162)
at org.apache.maven.surefire.booter.ForkedBooter.run(ForkedBooter.java:562)
at org.apache.maven.surefire.booter.ForkedBooter.main(ForkedBooter.java:548)
]]>
            </full-stacktrace>
          </exception> <!-- org.openqa.selenium.NoSuchElementException -->
          <reporter-output>
          </reporter-output>
        </test-method> <!-- testAlibabaSite -->
        <test-method status="PASS" signature="tearDown()[pri:0, instance:com.thinkitiveAssignment.Assignment2.Assignment2@573f2bb1]" name="tearDown" is-config="true" duration-ms="1837" started-at="2020-12-17T11:47:56Z" finished-at="2020-12-17T11:47:58Z">
          <reporter-output>
          </reporter-output>
        </test-method> <!-- tearDown -->
      </class> <!-- com.thinkitiveAssignment.Assignment2.Assignment2 -->
    </test> <!-- Thinkitive Assignment -->
  </suite> <!-- Suite -->
</testng-results>
