<?xml version="1.0" encoding="UTF-8"?>
<testsuite xmlns:xsi="http://www.w3.org/2001/XMLSchema-instance" xsi:noNamespaceSchemaLocation="https://maven.apache.org/surefire/maven-surefire-plugin/xsd/surefire-test-report-3.0.xsd" version="3.0" name="TestSuite" time="351.569" tests="5" errors="0" skipped="0" failures="0">
  <properties>
[...]
</properties>
  <testcase name="testAlibabaSite[iPhone](1)" classname="com.thinkitiveAssignment.Assignment2.Assignment2" time="335.718">
    <system-out><![CDATA[Fetching Price of all Products
Fetching Price of all Products
Fetching Price of all Products
Fetching Price of all Products
Fetching Price of all Products
Fetching Price of all Products
Fetching Price of all Products
Fetching Price of all Products
Fetching Price of all Products
Fetching Price of all Products
Fetching Price of all Products
Fetching Price of all Products
Fetching Price of all Products
Fetching Price of all Products
Fetching Price of all Products
Fetching Price of all Products
Fetching Price of all Products
Fetching Price of all Products
Fetching Price of all Products
Fetching Price of all Products
Fetching Price of all Products
Fetching Price of all Products
Fetching Price of all Products
Fetching Price of all Products
Fetching Price of all Products
Fetching Price of all Products
Fetching Price of all Products
Fetching Price of all Products
Fetching Price of all Products
Fetching Price of all Products
Fetching Price of all Products
Fetching Price of all Products
Fetching Price of all Products
Fetching Price of all Products
Fetching Price of all Products
Fetching Price of all Products
Fetching Price of all Products
Fetching Price of all Products
Fetching Price of all Products
Fetching Price of all Products
Fetching Price of all Products
Fetching Price of all Products
Fetching Price of all Products
Fetching Price of all Products
Fetching Price of all Products
MaxPrice Product ID: 62582731941---- Max Price Product price599.0
Fetched Max Price Product
Fetching product details started.......
Fetching: Product name
Fetching: Title Link
Fetching: Text Below Product Title
Fetching: Tags Below Product Title
Fetching: Image Count
Fetching: Images Links
Fetching: Image Count
{Image Link 5=//s.alicdn.com/@sc01/kf/H1ae51ac016704f779f89aba42f0bcae3X.jpg_300x300.jpg, Image Link 6=//s.alicdn.com/@sc01/kf/H8ae1f5aac0534ced99d227b075ba1e93r.jpg_300x300.jpg, Image Link 3=//s.alicdn.com/@sc01/kf/H65dda5d755024b468acf5179522a4538P.jpg_300x300.jpg, Image Link 4=//s.alicdn.com/@sc01/kf/H23411a5a961045daa691f624913d883cR.jpg_300x300.jpg, Image Link 1=//s.alicdn.com/@sc01/kf/H8f06d9277b904d23859861d14cc1134dj.jpg_300x300.jpg, Image Link 2=//s.alicdn.com/@sc01/kf/H796496d61bca45199a287df9a4bc2cf2w.jpg_300x300.jpg}
Fetching: Product Price
$100.00-$599.00
Fetching: Slashed Product Price
Fetching: Product Price Discount
Fetching: Minimum Order Quantity
Fetching: Product Seller Country Code
Fetching: Seller Company Name
Fetching: Seller Company Link
Fetching: Seller Year Of Association
Fetching: Seller Status
Fetching: Product Trade Assured Status
Fetching: Seller Star Level
Fetching: Seller Resopnse Rate
Fetching: Seller Review Score
Fetching: Seller Review Count
Fetching: Seller Review Comments
2
Fetching: Seller Contact Link
Fetching: Seller Contact Option
File Created
]]></system-out>
    <system-err><![CDATA[SLF4J: Failed to load class "org.slf4j.impl.StaticLoggerBinder".
SLF4J: Defaulting to no-operation (NOP) logger implementation
SLF4J: See http://www.slf4j.org/codes.html#StaticLoggerBinder for further details.
Starting ChromeDriver 87.0.4280.88 (89e2380a3e36c3464b5dd1302349b1382549290d-refs/branch-heads/4280@{#1761}) on port 33423
Only local connections are allowed.
Please see https://chromedriver.chromium.org/security-considerations for suggestions on keeping ChromeDriver safe.
ChromeDriver was started successfully.
Dec 19, 2020 7:04:10 PM org.openqa.selenium.remote.ProtocolHandshake createSession
INFO: Detected dialect: W3C
]]></system-err>
  </testcase>
  <testcase name="testMultiplier2darrayResult" classname="com.thinkitiveAssignment.Assignment1.Assignment1" time="0.008">
    <system-out><![CDATA[4
Data reading completed
2
68
46
108
2
64
22
24
64
90
1960
1690
684
64
2
4
File Created
]]></system-out>
  </testcase>
  <testcase name="testMultiplierMethodMultipleRowResult" classname="com.thinkitiveAssignment.Assignment1.Assignment1" time="0">
    <system-out><![CDATA[Data reading completed
1|34|23|54
Result after Muliplication is: 2 68 46 108
1|32|11|12
Result after Muliplication is: 2 64 22 24
32|45|980|845
Result after Muliplication is: 64 90 1960 1690
342|32|1|2
Result after Muliplication is: 684 64 2 4
File Created
]]></system-out>
  </testcase>
  <testcase name="testMultiplierMethodSingleRowResult" classname="com.thinkitiveAssignment.Assignment1.Assignment1" time="0.001">
    <system-out><![CDATA[Data reading completed
1|34|23|54|1|32|11|12|32|45|980|845|342|32|1|2|
Result after Muliplication is: 2 68 46 108 2 64 22 24 64 90 1960 1690 684 64 2 4
]]></system-out>
  </testcase>
  <testcase name="testArray" classname="com.thinkitiveAssignment.Assignment1.test" time="0.001">
    <system-out><![CDATA[4
]]></system-out>
  </testcase>
</testsuite>