<?xml version="1.0" encoding="UTF-8"?>
<testng-results skipped="0" failed="0" ignored="0" total="5" passed="5">
  <reporter-output>
  </reporter-output>
  <suite name="Suite" duration-ms="442407" started-at="2020-12-17T12:02:09Z" finished-at="2020-12-17T12:09:31Z">
    <groups>
    </groups>
    <test name="Thinkitive Assignment" duration-ms="442407" started-at="2020-12-17T12:02:09Z" finished-at="2020-12-17T12:09:31Z">
      <class name="com.thinkitiveAssignment.Assignment1.test">
        <test-method status="PASS" signature="testArray()[pri:0, instance:com.thinkitiveAssignment.Assignment1.test@6d4b1c02]" name="testArray" duration-ms="3" started-at="2020-12-17T12:09:30Z" finished-at="2020-12-17T12:09:30Z">
          <reporter-output>
          </reporter-output>
        </test-method> <!-- testArray -->
      </class> <!-- com.thinkitiveAssignment.Assignment1.test -->
      <class name="com.thinkitiveAssignment.Assignment1.Assignment1">
        <test-method status="PASS" signature="testMultiplier2darrayResult()[pri:0, instance:com.thinkitiveAssignment.Assignment1.Assignment1@7cd62f43]" name="testMultiplier2darrayResult" duration-ms="22" started-at="2020-12-17T12:09:30Z" finished-at="2020-12-17T12:09:30Z">
          <reporter-output>
          </reporter-output>
        </test-method> <!-- testMultiplier2darrayResult -->
        <test-method status="PASS" signature="testMultiplierMethodMultipleRowResult()[pri:0, instance:com.thinkitiveAssignment.Assignment1.Assignment1@7cd62f43]" name="testMultiplierMethodMultipleRowResult" duration-ms="10" started-at="2020-12-17T12:09:30Z" finished-at="2020-12-17T12:09:30Z">
          <reporter-output>
          </reporter-output>
        </test-method> <!-- testMultiplierMethodMultipleRowResult -->
        <test-method status="PASS" signature="testMultiplierMethodSingleRowResult()[pri:0, instance:com.thinkitiveAssignment.Assignment1.Assignment1@7cd62f43]" name="testMultiplierMethodSingleRowResult" duration-ms="9" started-at="2020-12-17T12:09:30Z" finished-at="2020-12-17T12:09:30Z">
          <reporter-output>
          </reporter-output>
        </test-method> <!-- testMultiplierMethodSingleRowResult -->
      </class> <!-- com.thinkitiveAssignment.Assignment1.Assignment1 -->
      <class name="com.thinkitiveAssignment.Assignment2.Assignment2">
        <test-method status="PASS" signature="setup()[pri:0, instance:com.thinkitiveAssignment.Assignment2.Assignment2@6a41eaa2]" name="setup" is-config="true" duration-ms="8441" started-at="2020-12-17T12:02:09Z" finished-at="2020-12-17T12:02:17Z">
          <reporter-output>
          </reporter-output>
        </test-method> <!-- setup -->
        <test-method status="PASS" signature="testAlibabaSite(java.lang.String)[pri:0, instance:com.thinkitiveAssignment.Assignment2.Assignment2@6a41eaa2]" name="testAlibabaSite" duration-ms="432274" started-at="2020-12-17T12:02:17Z" data-provider="searchProduct" finished-at="2020-12-17T12:09:30Z">
          <params>
            <param index="0">
              <value>
                <![CDATA[iPhone]]>
              </value>
            </param>
          </params>
          <reporter-output>
          </reporter-output>
        </test-method> <!-- testAlibabaSite -->
        <test-method status="PASS" signature="tearDown()[pri:0, instance:com.thinkitiveAssignment.Assignment2.Assignment2@6a41eaa2]" name="tearDown" is-config="true" duration-ms="1549" started-at="2020-12-17T12:09:30Z" finished-at="2020-12-17T12:09:31Z">
          <reporter-output>
          </reporter-output>
        </test-method> <!-- tearDown -->
      </class> <!-- com.thinkitiveAssignment.Assignment2.Assignment2 -->
    </test> <!-- Thinkitive Assignment -->
  </suite> <!-- Suite -->
</testng-results>
