<?xml version="1.0" encoding="UTF-8"?>
<testng-results skipped="0" failed="0" ignored="0" total="1" passed="1">
  <reporter-output>
  </reporter-output>
  <suite name="Default suite" duration-ms="220972" started-at="2020-11-30T14:09:05Z" finished-at="2020-11-30T14:12:46Z">
    <groups>
    </groups>
    <test name="Default test" duration-ms="220972" started-at="2020-11-30T14:09:05Z" finished-at="2020-11-30T14:12:46Z">
      <class name="com.thinkitiveAssignment.Assignment2.Assignment2">
        <test-method status="PASS" signature="setup()[pri:0, instance:com.thinkitiveAssignment.Assignment2.Assignment2@6a4f787b]" name="setup" is-config="true" duration-ms="12308" started-at="2020-11-30T14:09:05Z" finished-at="2020-11-30T14:09:17Z">
          <reporter-output>
          </reporter-output>
        </test-method> <!-- setup -->
        <test-method status="PASS" signature="testAlibabaSite(java.lang.String)[pri:0, instance:com.thinkitiveAssignment.Assignment2.Assignment2@6a4f787b]" name="testAlibabaSite" duration-ms="207550" started-at="2020-11-30T14:09:17Z" data-provider="searchProduct" finished-at="2020-11-30T14:12:45Z">
          <params>
            <param index="0">
              <value>
                <![CDATA[iPhone]]>
              </value>
            </param>
          </params>
          <reporter-output>
          </reporter-output>
        </test-method> <!-- testAlibabaSite -->
        <test-method status="PASS" signature="tearDown()[pri:0, instance:com.thinkitiveAssignment.Assignment2.Assignment2@6a4f787b]" name="tearDown" is-config="true" duration-ms="1075" started-at="2020-11-30T14:12:45Z" finished-at="2020-11-30T14:12:46Z">
          <reporter-output>
          </reporter-output>
        </test-method> <!-- tearDown -->
      </class> <!-- com.thinkitiveAssignment.Assignment2.Assignment2 -->
    </test> <!-- Default test -->
  </suite> <!-- Default suite -->
</testng-results>
